vmname:T19-vm01-ubuntu32-medha,date:04-28-2014 4:43:15,cpu:47,mem:44,disk:45,net:50,sys:50
vmname:T19-vm05-ubuntu32-Divanshu,date:04-28-2014 4:43:15,cpu:36,mem:29,disk:23,net:20,sys:20
vmname:T19-vm03-ubuntu32-srijan,date:04-28-2014 4:43:15,cpu:27,mem:28,disk:27,net:24,sys:29
vmname:T19-vm02-ubuntu32-shubham,date:04-28-2014 4:43:15,cpu:74,mem:81,disk:70,net:70,sys:83
vmname:T19-vm04-ubuntu32-shilpa,date:04-28-2014 4:43:15,cpu:18,mem:18,disk:18,net:15,sys:21
vmname:T19-vm01-ubuntu32-medha,date:04-28-2014 4:43:21,cpu:48,mem:46,disk:45,net:46,sys:46
vmname:T19-vm05-ubuntu32-Divanshu,date:04-28-2014 4:43:22,cpu:21,mem:35,disk:26,net:22,sys:25
vmname:T19-vm02-ubuntu32-shubham,date:04-28-2014 4:43:22,cpu:64,mem:73,disk:77,net:71,sys:81
vmname:T19-vm04-ubuntu32-shilpa,date:04-28-2014 4:43:22,cpu:18,mem:22,disk:18,net:17,sys:18
vmname:T19-vm03-ubuntu32-srijan,date:04-28-2014 4:43:22,cpu:28,mem:31,disk:26,net:27,sys:26
vmname:T19-vm05-ubuntu32-Divanshu,date:04-28-2014 4:55:06,cpu:20,mem:21,disk:22,net:36,sys:22
vmname:T19-vm03-ubuntu32-srijan,date:04-28-2014 4:55:06,cpu:27,mem:26,disk:26,net:28,sys:29
vmname:T19-vm01-ubuntu32-medha,date:04-28-2014 4:55:06,cpu:48,mem:46,disk:51,net:45,sys:49
vmname:T19-vm04-ubuntu32-shilpa,date:04-28-2014 4:55:06,cpu:15,mem:16,disk:16,net:18,sys:18
vmname:T19-vm02-ubuntu32-shubham,date:04-28-2014 4:55:06,cpu:69,mem:67,disk:64,net:77,sys:67
vmname:T19-vm01-ubuntu32-medha,date:04-28-2014 4:55:12,cpu:48,mem:46,disk:51,net:45,sys:49
vmname:T19-vm03-ubuntu32-srijan,date:04-28-2014 4:55:12,cpu:27,mem:26,disk:26,net:28,sys:29
vmname:T19-vm02-ubuntu32-shubham,date:04-28-2014 4:55:12,cpu:69,mem:67,disk:64,net:77,sys:67
vmname:T19-vm04-ubuntu32-shilpa,date:04-28-2014 4:55:12,cpu:15,mem:16,disk:16,net:18,sys:18
vmname:T19-vm05-ubuntu32-Divanshu,date:04-28-2014 4:55:13,cpu:20,mem:21,disk:22,net:36,sys:22
